<?xml version="1.0" encoding="UTF-8"?><testsuite errors="1" failures="1" name="tdtp.quickTests.QuickTests" skipped="0" tests="8" time="175.15" timestamp="2022-05-16 04:05:58"><testcase classname="tdtp.quickTests.QuickTests" name="Users page loads after selection"/><testcase classname="tdtp.quickTests.QuickTests" name="Manage bookings page loads after login"/><testcase classname="tdtp.quickTests.QuickTests" name="Buildings page loads after selection"/><testcase classname="tdtp.quickTests.QuickTests" name="Desks page loads after selection"/><testcase classname="tdtp.quickTests.QuickTests" name="Reports page loads after selection"/><testcase classname="tdtp.quickTests.QuickTests" name="Manage bookings page loads after selection"/><testcase classname="tdtp.quickTests.QuickTests" name="Contact page loads after selection"><failure message="User should be on contact page!" type="java.lang.AssertionError">User should be on contact page!</failure><system-err>User should be on contact page!&#13;
tdtp.steps.serenity.EndUserSteps.should_be_on_contact_page(EndUserSteps.java:73)&#13;
tdtp.quickTests.QuickTests.contactPage_loads_after_selection(QuickTests.java:122)&#13;
</system-err></testcase><testcase classname="tdtp.quickTests.QuickTests" name="Login page loads after authentication"><error message="Expected condition failed: waiting for element to be clickable: Proxy element for: BasePage.profileBtn (tried for 10 second(s) with 500 milliseconds interval)" type="org.openqa.selenium.TimeoutException">Expected condition failed: waiting for element to be clickable: Proxy element for: BasePage.profileBtn (tried for 10 second(s) with 500 milliseconds interval)</error><system-err>Expected condition failed: waiting for element to be clickable: Proxy element for: BasePage.profileBtn (tried for 10 second(s) with 500 milliseconds interval)&#13;
tdtp.pages.mainApp.BasePage.waitForElement(BasePage.java:73)&#13;
tdtp.pages.mainApp.BasePage.signOut(BasePage.java:81)&#13;
tdtp.steps.serenity.EndUserSteps.sign_out(EndUserSteps.java:43)&#13;
tdtp.quickTests.QuickTests.clear(QuickTests.java:127)&#13;
</system-err></testcase></testsuite>