<?xml version="1.0" encoding="UTF-8"?><testsuite errors="1" failures="0" name="tdtp.quickTests.E2ETest" skipped="0" tests="1" time="12.95" timestamp="2022-05-16 10:55:54"><testcase classname="tdtp.quickTests.E2ETest" name="User desk booking"><error message="element click intercepted: Element &lt;span class=&quot;MuiButton-label&quot;&gt;...&lt;/span&gt; is not clickable at point (182, 913). Other element would receive the click: &lt;div class=&quot;MuiBox-root jss83 jss30&quot;&gt;...&lt;/div&gt;&#10;  (Session info: chrome=101.0.4951.67)&#10;Build info: version: '3.141.59', revision: 'e82be7d358', time: '2018-11-14T08:17:03'&#10;System info: host: 'DESKTOP-V4OV0M2', ip: '172.28.48.1', os.name: 'Windows 10', os.arch: 'amd64', os.version: '10.0', java.version: '15'&#10;Driver info: org.openqa.selenium.chrome.ChromeDriver&#10;Capabilities {acceptInsecureCerts: false, browserName: chrome, browserVersion: 101.0.4951.67, chrome: {chromedriverVersion: 101.0.4951.41 (93c720db8323..., userDataDir: C:\Users\ziman\AppData\Loca...}, goog:chromeOptions: {debuggerAddress: localhost:53228}, javascriptEnabled: true, networkConnectionEnabled: false, pageLoadStrategy: normal, platform: WINDOWS, platformName: WINDOWS, proxy: Proxy(), setWindowRect: true, strictFileInteractability: false, timeouts: {implicit: 0, pageLoad: 300000, script: 30000}, unhandledPromptBehavior: dismiss and notify, webauthn:extension:credBlob: true, webauthn:extension:largeBlob: true, webauthn:virtualAuthenticators: true}&#10;Session ID: 7a6ec0655382837a57067ce0b3a12762" type="org.openqa.selenium.ElementClickInterceptedException">element click intercepted: Element &lt;span class="MuiButton-label"&gt;...&lt;/span&gt; is not clickable at point (182, 913). Other element would receive the click: &lt;div class="MuiBox-root jss83 jss30"&gt;...&lt;/div&gt;
  (Session info: chrome=101.0.4951.67)
Build info: version: '3.141.59', revision: 'e82be7d358', time: '2018-11-14T08:17:03'
System info: host: 'DESKTOP-V4OV0M2', ip: '172.28.48.1', os.name: 'Windows 10', os.arch: 'amd64', os.version: '10.0', java.version: '15'
Driver info: org.openqa.selenium.chrome.ChromeDriver
Capabilities {acceptInsecureCerts: false, browserName: chrome, browserVersion: 101.0.4951.67, chrome: {chromedriverVersion: 101.0.4951.41 (93c720db8323..., userDataDir: C:\Users\ziman\AppData\Loca...}, goog:chromeOptions: {debuggerAddress: localhost:53228}, javascriptEnabled: true, networkConnectionEnabled: false, pageLoadStrategy: normal, platform: WINDOWS, platformName: WINDOWS, proxy: Proxy(), setWindowRect: true, strictFileInteractability: false, timeouts: {implicit: 0, pageLoad: 300000, script: 30000}, unhandledPromptBehavior: dismiss and notify, webauthn:extension:credBlob: true, webauthn:extension:largeBlob: true, webauthn:virtualAuthenticators: true}
Session ID: 7a6ec0655382837a57067ce0b3a12762</error><system-err>element click intercepted: Element &lt;span class="MuiButton-label"&gt;...&lt;/span&gt; is not clickable at point (182, 913). Other element would receive the click: &lt;div class="MuiBox-root jss83 jss30"&gt;...&lt;/div&gt;
  (Session info: chrome=101.0.4951.67)
Build info: version: '3.141.59', revision: 'e82be7d358', time: '2018-11-14T08:17:03'
System info: host: 'DESKTOP-V4OV0M2', ip: '172.28.48.1', os.name: 'Windows 10', os.arch: 'amd64', os.version: '10.0', java.version: '15'
Driver info: org.openqa.selenium.chrome.ChromeDriver
Capabilities {acceptInsecureCerts: false, browserName: chrome, browserVersion: 101.0.4951.67, chrome: {chromedriverVersion: 101.0.4951.41 (93c720db8323..., userDataDir: C:\Users\ziman\AppData\Loca...}, goog:chromeOptions: {debuggerAddress: localhost:53228}, javascriptEnabled: true, networkConnectionEnabled: false, pageLoadStrategy: normal, platform: WINDOWS, platformName: WINDOWS, proxy: Proxy(), setWindowRect: true, strictFileInteractability: false, timeouts: {implicit: 0, pageLoad: 300000, script: 30000}, unhandledPromptBehavior: dismiss and notify, webauthn:extension:credBlob: true, webauthn:extension:largeBlob: true, webauthn:virtualAuthenticators: true}
Session ID: 7a6ec0655382837a57067ce0b3a12762&#13;
tdtp.pages.mainApp.AddNewBookingPage.finish_deskBooking(AddNewBookingPage.java:44)&#13;
tdtp.steps.serenity.EndUserSteps.finish_deskBooking(EndUserSteps.java:170)&#13;
tdtp.quickTests.E2ETest.user_desk_booking(E2ETest.java:38)&#13;
</system-err></testcase></testsuite>