<?xml version="1.0" encoding="UTF-8"?><testsuite errors="1" failures="0" name="tdtp.quickTests.QuickTests" skipped="0" tests="1" time="0.0" timestamp="2022-05-16 03:46:19"><testcase classname="tdtp.quickTests.QuickTests" name="Initialisation"><error message="The path to the driver executable must be set by the webdriver.chrome.driver system property; for more information, see https://github.com/SeleniumHQ/selenium/wiki/ChromeDriver. The latest version can be downloaded from http://chromedriver.storage.googleapis.com/index.html" type="java.lang.IllegalStateException">The path to the driver executable must be set by the webdriver.chrome.driver system property; for more information, see https://github.com/SeleniumHQ/selenium/wiki/ChromeDriver. The latest version can be downloaded from http://chromedriver.storage.googleapis.com/index.html</error><system-err>The path to the driver executable must be set by the webdriver.chrome.driver system property; for more information, see https://github.com/SeleniumHQ/selenium/wiki/ChromeDriver. The latest version can be downloaded from http://chromedriver.storage.googleapis.com/index.html&#13;
com.google.common.base.Preconditions.checkState(Preconditions.java:847)&#13;
tdtp.quickTests.QuickTests.initializeDriver(QuickTests.java:26)&#13;
</system-err></testcase></testsuite>